<?xml version="1.0" encoding="UTF-8"?>
<!-- Generated by org.testng.reporters.JUnitReportReporter -->
<testsuite skipped="0" hostname="DESKTOP-GJ3I4JJ" name="src.test.java.afterSell.testCases.LocationPageTestCase" tests="1" failures="0" timestamp="19 May 2018 14:13:28 GMT" time="5.752" errors="0">
  <testcase name="verify_Locations" time="5.752" classname="src.test.java.afterSell.testCases.LocationPageTestCase"/>
</testsuite> <!-- src.test.java.afterSell.testCases.LocationPageTestCase -->
