<?xml version="1.0" encoding="UTF-8"?>
<!-- Generated by org.testng.reporters.JUnitReportReporter -->
<testsuite skipped="0" hostname="DESKTOP-GJ3I4JJ" name="src.test.java.afterSell.testCases.LocationPageTestCase" tests="1" failures="0" timestamp="18 Apr 2018 17:07:59 GMT" time="13.312" errors="0">
  <testcase name="verify_addLocation_Btn" time="13.312" classname="src.test.java.afterSell.testCases.LocationPageTestCase"/>
</testsuite> <!-- src.test.java.afterSell.testCases.LocationPageTestCase -->
